0 info it worked if it ends with ok
1 verbose cli [ '/home/jose_mardones/graylog-project/graylog-plugin-jira-alarmcallback/node/node',
1 verbose cli   '/home/jose_mardones/graylog-project/graylog-plugin-jira-alarmcallback/node/node_modules/npm/bin/npm-cli.js',
1 verbose cli   'run',
1 verbose cli   'build' ]
2 info using npm@3.8.6
3 info using node@v4.4.3
4 verbose run-script [ 'prebuild', 'build', 'postbuild' ]
5 info lifecycle JiraAlarmCallback@1.0.0-SNAPSHOT~prebuild: JiraAlarmCallback@1.0.0-SNAPSHOT
6 silly lifecycle JiraAlarmCallback@1.0.0-SNAPSHOT~prebuild: no script for prebuild, continuing
7 info lifecycle JiraAlarmCallback@1.0.0-SNAPSHOT~build: JiraAlarmCallback@1.0.0-SNAPSHOT
8 verbose lifecycle JiraAlarmCallback@1.0.0-SNAPSHOT~build: unsafe-perm in lifecycle true
9 verbose lifecycle JiraAlarmCallback@1.0.0-SNAPSHOT~build: PATH: /home/jose_mardones/graylog-project/graylog-plugin-jira-alarmcallback/node/node_modules/npm/bin/node-gyp-bin:/home/jose_mardones/graylog-project/graylog-plugin-jira-alarmcallback/node_modules/.bin:/home/jose_mardones/graylog-project/graylog-plugin-jira-alarmcallback/node:/home/jose_mardones/graylog-project/graylog-plugin-jira-alarmcallback/node:/home/jose_mardones/bin:/home/jose_mardones/.local/bin:/usr/local/sbin:/usr/local/bin:/usr/sbin:/usr/bin:/sbin:/bin:/usr/games:/usr/local/games:/snap/bin:/usr/lib/jvm/java-8-oracle/bin:/usr/lib/jvm/java-8-oracle/db/bin:/usr/lib/jvm/java-8-oracle/jre/bin:
10 verbose lifecycle JiraAlarmCallback@1.0.0-SNAPSHOT~build: CWD: /home/jose_mardones/graylog-project/graylog-plugin-jira-alarmcallback
11 silly lifecycle JiraAlarmCallback@1.0.0-SNAPSHOT~build: Args: [ '-c', 'webpack' ]
12 silly lifecycle JiraAlarmCallback@1.0.0-SNAPSHOT~build: Returned: code: 1  signal: null
13 info lifecycle JiraAlarmCallback@1.0.0-SNAPSHOT~build: Failed to exec build script
14 verbose stack Error: JiraAlarmCallback@1.0.0-SNAPSHOT build: `webpack`
14 verbose stack Exit status 1
14 verbose stack     at EventEmitter.<anonymous> (/home/jose_mardones/graylog-project/graylog-plugin-jira-alarmcallback/node/node_modules/npm/lib/utils/lifecycle.js:239:16)
14 verbose stack     at emitTwo (events.js:87:13)
14 verbose stack     at EventEmitter.emit (events.js:172:7)
14 verbose stack     at ChildProcess.<anonymous> (/home/jose_mardones/graylog-project/graylog-plugin-jira-alarmcallback/node/node_modules/npm/lib/utils/spawn.js:24:14)
14 verbose stack     at emitTwo (events.js:87:13)
14 verbose stack     at ChildProcess.emit (events.js:172:7)
14 verbose stack     at maybeClose (internal/child_process.js:827:16)
14 verbose stack     at Process.ChildProcess._handle.onexit (internal/child_process.js:211:5)
15 verbose pkgid JiraAlarmCallback@1.0.0-SNAPSHOT
16 verbose cwd /home/jose_mardones/graylog-project/graylog-plugin-jira-alarmcallback
17 error Linux 4.4.0-53-generic
18 error argv "/home/jose_mardones/graylog-project/graylog-plugin-jira-alarmcallback/node/node" "/home/jose_mardones/graylog-project/graylog-plugin-jira-alarmcallback/node/node_modules/npm/bin/npm-cli.js" "run" "build"
19 error node v4.4.3
20 error npm  v3.8.6
21 error code ELIFECYCLE
22 error JiraAlarmCallback@1.0.0-SNAPSHOT build: `webpack`
22 error Exit status 1
23 error Failed at the JiraAlarmCallback@1.0.0-SNAPSHOT build script 'webpack'.
23 error Make sure you have the latest version of node.js and npm installed.
23 error If you do, this is most likely a problem with the JiraAlarmCallback package,
23 error not with npm itself.
23 error Tell the author that this fails on your system:
23 error     webpack
23 error You can get information on how to open an issue for this project with:
23 error     npm bugs JiraAlarmCallback
23 error Or if that isn't available, you can get their info via:
23 error     npm owner ls JiraAlarmCallback
23 error There is likely additional logging output above.
24 verbose exit [ 1, true ]
